2023-07-31 14:29:56,406 | main_logger | MainProcess  |        <module>               | INFO  | Master execution started
2023-07-31 14:29:56,406 | main_logger | MainProcess  |        execute_pipeline_download | INFO  | calling the create_folder_structure function
2023-07-31 14:29:56,407 | main_logger | MainProcess  |        execute_pipeline_download | INFO  | calling the common_files_downloads function
2023-07-31 14:29:57,437 | main_logger | MainProcess  |        required_files_download | ERROR | error in common_downloads [Errno 2] No such file or directory: '/home/nandishms/testsrc/scripts/dq_scripts/checks_mapping.json'.
Traceback (most recent call last):
  File "/home/nandishms/test/download.py", line 62, in required_files_download
    download_file_from_github(repo_name,branch, file_path=paths_data[
  File "/home/nandishms/test/master.py", line 124, in downlaod_file_from_git
    with open(save_path, 'wb') as file:
FileNotFoundError: [Errno 2] No such file or directory: '/home/nandishms/testsrc/scripts/dq_scripts/checks_mapping.json'
2023-07-31 14:29:57,438 | main_logger | MainProcess  |        execute_pipeline_download | ERROR | error in execute_pipeline_download [Errno 2] No such file or directory: '/home/nandishms/testsrc/scripts/dq_scripts/checks_mapping.json'.
Traceback (most recent call last):
  File "/home/nandishms/test/download.py", line 208, in execute_pipeline_download
    required_files_download(config_path,repo_name,git_branch)
  File "/home/nandishms/test/download.py", line 81, in required_files_download
    raise error
  File "/home/nandishms/test/download.py", line 62, in required_files_download
    download_file_from_github(repo_name,branch, file_path=paths_data[
  File "/home/nandishms/test/master.py", line 124, in downlaod_file_from_git
    with open(save_path, 'wb') as file:
FileNotFoundError: [Errno 2] No such file or directory: '/home/nandishms/testsrc/scripts/dq_scripts/checks_mapping.json'
2023-07-31 14:29:57,438 | main_logger | MainProcess  |        <module>               | ERROR | exception occured [Errno 2] No such file or directory: '/home/nandishms/testsrc/scripts/dq_scripts/checks_mapping.json'
